#
# There is insufficient memory for the Java Runtime Environment to continue.
# Native memory allocation (malloc) failed to allocate 808736 bytes for Chunk::new
# Possible reasons:
#   The system is out of physical RAM or swap space
#   The process is running with CompressedOops enabled, and the Java Heap may be blocking the growth of the native heap
# Possible solutions:
#   Reduce memory load on the system
#   Increase physical memory or swap space
#   Check if swap backing store is full
#   Decrease Java heap size (-Xmx/-Xms)
#   Decrease number of Java threads
#   Decrease Java thread stack sizes (-Xss)
#   Set larger code cache with -XX:ReservedCodeCacheSize=
#   JVM is running with Unscaled Compressed Oops mode in which the Java heap is
#     placed in the first 4GB address space. The Java Heap base address is the
#     maximum limit for the native heap growth. Please use -XX:HeapBaseMinAddress
#     to set the Java Heap base and to place the Java Heap above 4GB virtual address.
# This output file may be truncated or incomplete.
#
#  Out of Memory Error (arena.cpp:191), pid=14592, tid=6496
#
# JRE version: OpenJDK Runtime Environment (17.0.9) (build 17.0.9+0--11185874)
# Java VM: OpenJDK 64-Bit Server VM (17.0.9+0--11185874, mixed mode, tiered, compressed oops, compressed class ptrs, g1 gc, windows-amd64)
# No core dump will be written. Minidumps are not enabled by default on client versions of Windows
#

---------------  S U M M A R Y ------------

Command Line: --add-opens=java.base/java.util=ALL-UNNAMED --add-opens=java.base/java.lang=ALL-UNNAMED --add-opens=java.base/java.lang.invoke=ALL-UNNAMED --add-opens=java.prefs/java.util.prefs=ALL-UNNAMED --add-opens=java.base/java.nio.charset=ALL-UNNAMED --add-opens=java.base/java.net=ALL-UNNAMED --add-opens=java.base/java.util.concurrent.atomic=ALL-UNNAMED -Xmx2048m -Dfile.encoding=UTF-8 -Duser.country=TW -Duser.language=zh -Duser.variant -javaagent:C:\Users\Danny\.gradle\wrapper\dists\gradle-8.4-bin\1w5dpkrfk8irigvoxmyhowfim\gradle-8.4\lib\agents\gradle-instrumentation-agent-8.4.jar org.gradle.launcher.daemon.bootstrap.GradleDaemon 8.4

Host: Intel(R) Core(TM) i7-8565U CPU @ 1.80GHz, 8 cores, 15G,  Windows 11 , 64 bit Build 22621 (10.0.22621.3374)
Time: Wed Apr 24 22:02:42 2024  Windows 11 , 64 bit Build 22621 (10.0.22621.3374) elapsed time: 6.658529 seconds (0d 0h 0m 6s)

---------------  T H R E A D  ---------------

Current thread (0x000002404609aa40):  JavaThread "C2 CompilerThread0" daemon [_thread_in_native, id=6496, stack(0x000000a12b300000,0x000000a12b400000)]


Current CompileTask:
C2:   6658 4653       4       jdk.internal.org.objectweb.asm.Frame::execute (2305 bytes)

Stack: [0x000000a12b300000,0x000000a12b400000]
Native frames: (J=compiled Java code, j=interpreted, Vv=VM code, C=native code)
V  [jvm.dll+0x6886e9]
V  [jvm.dll+0x841e4a]
V  [jvm.dll+0x843a8e]
V  [jvm.dll+0x8440f3]
V  [jvm.dll+0x24c14f]
V  [jvm.dll+0xac44c]
V  [jvm.dll+0xaca9c]
V  [jvm.dll+0x2b376f]
V  [jvm.dll+0x590767]
V  [jvm.dll+0x226762]
V  [jvm.dll+0x226b4f]
V  [jvm.dll+0x21fc76]
V  [jvm.dll+0x21d0c1]
V  [jvm.dll+0x1a674d]
V  [jvm.dll+0x22d088]
V  [jvm.dll+0x22b1c0]
V  [jvm.dll+0x7f62f7]
V  [jvm.dll+0x7f06aa]
V  [jvm.dll+0x687565]
C  [ucrtbase.dll+0x29333]
C  [KERNEL32.DLL+0x1257d]
C  [ntdll.dll+0x5aa48]


---------------  P R O C E S S  ---------------

Threads class SMR info:
_java_thread_list=0x00000240494d7940, length=43, elements={
0x0000024027e3e210, 0x000002404606e010, 0x000002404606ec50, 0x0000024046095d40,
0x0000024046096810, 0x00000240460992e0, 0x0000024046099ca0, 0x000002404609aa40,
0x000002404609cf70, 0x00000240460d2ea0, 0x00000240461be4a0, 0x000002404632bd10,
0x00000240464d56f0, 0x00000240479bc8f0, 0x0000024046ea97e0, 0x0000024047730280,
0x0000024047970810, 0x00000240477c3140, 0x00000240478278e0, 0x00000240492a5b90,
0x0000024047ef6b00, 0x000002404896b380, 0x0000024046e454a0, 0x0000024046e44f90,
0x0000024046e44060, 0x0000024046e459b0, 0x000002404891f5c0, 0x00000240489204f0,
0x0000024048926520, 0x0000024048922860, 0x0000024048920a00, 0x0000024048925b00,
0x0000024048923280, 0x0000024048922d70, 0x0000024048921420, 0x0000024048921930,
0x00000240489255f0, 0x000002404891fad0, 0x0000024048926010, 0x0000024048923ca0,
0x000002404891f0b0, 0x000002404891ffe0, 0x00000240489241b0
}

Java Threads: ( => current thread )
  0x0000024027e3e210 JavaThread "main" [_thread_blocked, id=2904, stack(0x000000a12a600000,0x000000a12a700000)]
  0x000002404606e010 JavaThread "Reference Handler" daemon [_thread_blocked, id=6600, stack(0x000000a12ad00000,0x000000a12ae00000)]
  0x000002404606ec50 JavaThread "Finalizer" daemon [_thread_blocked, id=13484, stack(0x000000a12ae00000,0x000000a12af00000)]
  0x0000024046095d40 JavaThread "Signal Dispatcher" daemon [_thread_blocked, id=7592, stack(0x000000a12af00000,0x000000a12b000000)]
  0x0000024046096810 JavaThread "Attach Listener" daemon [_thread_blocked, id=5548, stack(0x000000a12b000000,0x000000a12b100000)]
  0x00000240460992e0 JavaThread "Service Thread" daemon [_thread_blocked, id=8572, stack(0x000000a12b100000,0x000000a12b200000)]
  0x0000024046099ca0 JavaThread "Monitor Deflation Thread" daemon [_thread_blocked, id=14568, stack(0x000000a12b200000,0x000000a12b300000)]
=>0x000002404609aa40 JavaThread "C2 CompilerThread0" daemon [_thread_in_native, id=6496, stack(0x000000a12b300000,0x000000a12b400000)]
  0x000002404609cf70 JavaThread "C1 CompilerThread0" daemon [_thread_blocked, id=10232, stack(0x000000a12b400000,0x000000a12b500000)]
  0x00000240460d2ea0 JavaThread "Sweeper thread" daemon [_thread_blocked, id=11700, stack(0x000000a12b500000,0x000000a12b600000)]
  0x00000240461be4a0 JavaThread "Common-Cleaner" daemon [_thread_blocked, id=3972, stack(0x000000a12b600000,0x000000a12b700000)]
  0x000002404632bd10 JavaThread "Notification Thread" daemon [_thread_blocked, id=3132, stack(0x000000a12b700000,0x000000a12b800000)]
  0x00000240464d56f0 JavaThread "C2 CompilerThread1" daemon [_thread_in_native, id=9624, stack(0x000000a12b900000,0x000000a12ba00000)]
  0x00000240479bc8f0 JavaThread "Daemon health stats" [_thread_blocked, id=8432, stack(0x000000a12bf00000,0x000000a12c000000)]
  0x0000024046ea97e0 JavaThread "Incoming local TCP Connector on port 56206" [_thread_in_native, id=11480, stack(0x000000a12c000000,0x000000a12c100000)]
  0x0000024047730280 JavaThread "Daemon periodic checks" [_thread_blocked, id=4312, stack(0x000000a12c100000,0x000000a12c200000)]
  0x0000024047970810 JavaThread "Daemon" [_thread_blocked, id=12500, stack(0x000000a12c200000,0x000000a12c300000)]
  0x00000240477c3140 JavaThread "Handler for socket connection from /127.0.0.1:56206 to /127.0.0.1:56207" [_thread_in_native, id=13460, stack(0x000000a12c300000,0x000000a12c400000)]
  0x00000240478278e0 JavaThread "Cancel handler" [_thread_blocked, id=9860, stack(0x000000a12c400000,0x000000a12c500000)]
  0x00000240492a5b90 JavaThread "Daemon worker" [_thread_in_vm, id=16960, stack(0x000000a12c500000,0x000000a12c600000)]
  0x0000024047ef6b00 JavaThread "Asynchronous log dispatcher for DefaultDaemonConnection: socket connection from /127.0.0.1:56206 to /127.0.0.1:56207" [_thread_blocked, id=4324, stack(0x000000a12c600000,0x000000a12c700000)]
  0x000002404896b380 JavaThread "Stdin handler" [_thread_blocked, id=11760, stack(0x000000a12c700000,0x000000a12c800000)]
  0x0000024046e454a0 JavaThread "Daemon client event forwarder" [_thread_blocked, id=10668, stack(0x000000a12c800000,0x000000a12c900000)]
  0x0000024046e44f90 JavaThread "Cache worker for journal cache (C:\Users\Danny\.gradle\caches\journal-1)" [_thread_blocked, id=8916, stack(0x000000a12cc00000,0x000000a12cd00000)]
  0x0000024046e44060 JavaThread "File lock request listener" [_thread_in_native, id=6264, stack(0x000000a12cd00000,0x000000a12ce00000)]
  0x0000024046e459b0 JavaThread "Cache worker for file hash cache (C:\Users\Danny\.gradle\caches\8.4\fileHashes)" [_thread_blocked, id=14188, stack(0x000000a12ce00000,0x000000a12cf00000)]
  0x000002404891f5c0 JavaThread "File watcher server" daemon [_thread_in_native, id=17572, stack(0x000000a12cf00000,0x000000a12d000000)]
  0x00000240489204f0 JavaThread "File watcher consumer" daemon [_thread_blocked, id=16776, stack(0x000000a12d000000,0x000000a12d100000)]
  0x0000024048926520 JavaThread "Cache worker for checksums cache (D:\ALL-Project\AndroidStudioProjects\bmi\.gradle\8.4\checksums)" [_thread_blocked, id=16452, stack(0x000000a12d100000,0x000000a12d200000)]
  0x0000024048922860 JavaThread "Cache worker for file hash cache (D:\ALL-Project\AndroidStudioProjects\bmi\.gradle\8.4\fileHashes)" [_thread_blocked, id=16344, stack(0x000000a12d200000,0x000000a12d300000)]
  0x0000024048920a00 JavaThread "Cache worker for cache directory md-supplier (C:\Users\Danny\.gradle\caches\8.4\md-supplier)" [_thread_blocked, id=9612, stack(0x000000a12d300000,0x000000a12d400000)]
  0x0000024048925b00 JavaThread "Cache worker for file content cache (C:\Users\Danny\.gradle\caches\8.4\fileContent)" [_thread_blocked, id=4556, stack(0x000000a12d400000,0x000000a12d500000)]
  0x0000024048923280 JavaThread "Cache worker for cache directory md-rule (C:\Users\Danny\.gradle\caches\8.4\md-rule)" [_thread_blocked, id=5256, stack(0x000000a12d500000,0x000000a12d600000)]
  0x0000024048922d70 JavaThread "Cache worker for execution history cache (C:\Users\Danny\.gradle\caches\8.4\executionHistory)" [_thread_blocked, id=10956, stack(0x000000a12d600000,0x000000a12d700000)]
  0x0000024048921420 JavaThread "Cache worker for kotlin-dsl (C:\Users\Danny\.gradle\caches\8.4\kotlin-dsl)" [_thread_blocked, id=7132, stack(0x000000a12d800000,0x000000a12d900000)]
  0x0000024048921930 JavaThread "jar transforms" [_thread_blocked, id=13244, stack(0x000000a12d900000,0x000000a12da00000)]
  0x00000240489255f0 JavaThread "jar transforms Thread 2" [_thread_blocked, id=2080, stack(0x000000a12da00000,0x000000a12db00000)]
  0x000002404891fad0 JavaThread "jar transforms Thread 3" [_thread_blocked, id=3688, stack(0x000000a12db00000,0x000000a12dc00000)]
  0x0000024048926010 JavaThread "jar transforms Thread 4" [_thread_blocked, id=17564, stack(0x000000a12dc00000,0x000000a12dd00000)]
  0x0000024048923ca0 JavaThread "Cache worker for dependencies-accessors (D:\ALL-Project\AndroidStudioProjects\bmi\.gradle\8.4\dependencies-accessors)" [_thread_blocked, id=13300, stack(0x000000a12dd00000,0x000000a12de00000)]
  0x000002404891f0b0 JavaThread "Cache worker for Build Output Cleanup Cache (D:\ALL-Project\AndroidStudioProjects\bmi\.gradle\buildOutputCleanup)" [_thread_blocked, id=14740, stack(0x000000a12de00000,0x000000a12df00000)]
  0x000002404891ffe0 JavaThread "jar transforms Thread 5" [_thread_blocked, id=336, stack(0x000000a12df00000,0x000000a12e000000)]
  0x00000240489241b0 JavaThread "jar transforms Thread 6" [_thread_blocked, id=7260, stack(0x000000a12e000000,0x000000a12e100000)]

Other Threads:
  0x0000024041cbe070 VMThread "VM Thread" [stack: 0x000000a12ac00000,0x000000a12ad00000] [id=13180]
  0x0000024046374f30 WatcherThread [stack: 0x000000a12b800000,0x000000a12b900000] [id=17088]
  0x0000024027e99280 GCTaskThread "GC Thread#0" [stack: 0x000000a12a700000,0x000000a12a800000] [id=15396]
  0x0000024046eae220 GCTaskThread "GC Thread#1" [stack: 0x000000a12ba00000,0x000000a12bb00000] [id=7860]
  0x0000024046bf2380 GCTaskThread "GC Thread#2" [stack: 0x000000a12bb00000,0x000000a12bc00000] [id=9896]
  0x0000024046bf2640 GCTaskThread "GC Thread#3" [stack: 0x000000a12bc00000,0x000000a12bd00000] [id=15312]
  0x00000240469a7360 GCTaskThread "GC Thread#4" [stack: 0x000000a12bd00000,0x000000a12be00000] [id=13320]
  0x00000240469a7620 GCTaskThread "GC Thread#5" [stack: 0x000000a12be00000,0x000000a12bf00000] [id=14960]
  0x000002404880eb50 GCTaskThread "GC Thread#6" [stack: 0x000000a12c900000,0x000000a12ca00000] [id=12620]
  0x0000024048810150 GCTaskThread "GC Thread#7" [stack: 0x000000a12ca00000,0x000000a12cb00000] [id=17388]
  0x0000024027eac1e0 ConcurrentGCThread "G1 Main Marker" [stack: 0x000000a12a800000,0x000000a12a900000] [id=11056]
  0x0000024027ead5b0 ConcurrentGCThread "G1 Conc#0" [stack: 0x000000a12a900000,0x000000a12aa00000] [id=17264]
  0x000002404880f650 ConcurrentGCThread "G1 Conc#1" [stack: 0x000000a12cb00000,0x000000a12cc00000] [id=11908]
  0x0000024041b5ce30 ConcurrentGCThread "G1 Refine#0" [stack: 0x000000a12aa00000,0x000000a12ab00000] [id=1140]
  0x000002404a4b7030 ConcurrentGCThread "G1 Refine#1" [stack: 0x000000a12d700000,0x000000a12d800000] [id=8580]
  0x0000024041b5d880 ConcurrentGCThread "G1 Service" [stack: 0x000000a12ab00000,0x000000a12ac00000] [id=7348]

Threads with active compile tasks:
C2 CompilerThread0     6677 4653       4       jdk.internal.org.objectweb.asm.Frame::execute (2305 bytes)
C2 CompilerThread1     6677 4701   !   4       java.net.URLClassLoader$1::run (81 bytes)

VM state: not at safepoint (normal execution)

VM Mutex/Monitor currently owned by a thread: None

Heap address: 0x0000000080000000, size: 2048 MB, Compressed Oops mode: 32-bit

CDS archive(s) not mapped
Compressed class space mapped at: 0x0000000100000000-0x0000000140000000, reserved size: 1073741824
Narrow klass base: 0x0000000000000000, Narrow klass shift: 3, Narrow klass range: 0x140000000

GC Precious Log:
 CPUs: 8 total, 8 available
 Memory: 16230M
 Large Page Support: Disabled
 NUMA Support: Disabled
 Compressed Oops: Enabled (32-bit)
 Heap Region Size: 1M
 Heap Min Capacity: 8M
 Heap Initial Capacity: 254M
 Heap Max Capacity: 2G
 Pre-touch: Disabled
 Parallel Workers: 8
 Concurrent Workers: 2
 Concurrent Refinement Workers: 8
 Periodic GC: Disabled

Heap:
 garbage-first heap   total 91136K, used 60641K [0x0000000080000000, 0x0000000100000000)
  region size 1024K, 31 young (31744K), 4 survivors (4096K)
 Metaspace       used 54244K, committed 54848K, reserved 1114112K
  class space    used 7459K, committed 7744K, reserved 1048576K

Heap Regions: E=young(eden), S=young(survivor), O=old, HS=humongous(starts), HC=humongous(continues), CS=collection set, F=free, OA=open archive, CA=closed archive, TAMS=top-at-mark-start (previous, next)
|   0|0x0000000080000000, 0x0000000080100000, 0x0000000080100000|100%|HS|  |TAMS 0x0000000080100000, 0x0000000080000000| Complete 
|   1|0x0000000080100000, 0x0000000080200000, 0x0000000080200000|100%|HC|  |TAMS 0x0000000080200000, 0x0000000080100000| Complete 
|   2|0x0000000080200000, 0x0000000080300000, 0x0000000080300000|100%|HC|  |TAMS 0x0000000080300000, 0x0000000080200000| Complete 
|   3|0x0000000080300000, 0x0000000080400000, 0x0000000080400000|100%|HC|  |TAMS 0x0000000080400000, 0x0000000080300000| Complete 
|   4|0x0000000080400000, 0x0000000080500000, 0x0000000080500000|100%| O|  |TAMS 0x0000000080500000, 0x0000000080400000| Untracked 
|   5|0x0000000080500000, 0x0000000080600000, 0x0000000080600000|100%| O|  |TAMS 0x0000000080600000, 0x0000000080500000| Untracked 
|   6|0x0000000080600000, 0x0000000080700000, 0x0000000080700000|100%| O|  |TAMS 0x0000000080700000, 0x0000000080600000| Untracked 
|   7|0x0000000080700000, 0x0000000080800000, 0x0000000080800000|100%| O|  |TAMS 0x0000000080800000, 0x0000000080700000| Untracked 
|   8|0x0000000080800000, 0x0000000080900000, 0x0000000080900000|100%| O|  |TAMS 0x0000000080900000, 0x0000000080800000| Untracked 
|   9|0x0000000080900000, 0x0000000080a00000, 0x0000000080a00000|100%| O|  |TAMS 0x0000000080a00000, 0x0000000080900000| Untracked 
|  10|0x0000000080a00000, 0x0000000080acba00, 0x0000000080b00000| 79%| O|  |TAMS 0x0000000080acba00, 0x0000000080a00000| Untracked 
|  11|0x0000000080b00000, 0x0000000080c00000, 0x0000000080c00000|100%| O|  |TAMS 0x0000000080c00000, 0x0000000080b00000| Untracked 
|  12|0x0000000080c00000, 0x0000000080d00000, 0x0000000080d00000|100%| O|  |TAMS 0x0000000080d00000, 0x0000000080c00000| Untracked 
|  13|0x0000000080d00000, 0x0000000080e00000, 0x0000000080e00000|100%| O|  |TAMS 0x0000000080e00000, 0x0000000080d00000| Untracked 
|  14|0x0000000080e00000, 0x0000000080f00000, 0x0000000080f00000|100%| O|  |TAMS 0x0000000080f00000, 0x0000000080e00000| Untracked 
|  15|0x0000000080f00000, 0x0000000081000000, 0x0000000081000000|100%| O|  |TAMS 0x0000000081000000, 0x0000000080f00000| Untracked 
|  16|0x0000000081000000, 0x0000000081100000, 0x0000000081100000|100%| O|  |TAMS 0x0000000081100000, 0x0000000081000000| Untracked 
|  17|0x0000000081100000, 0x0000000081200000, 0x0000000081200000|100%| O|  |TAMS 0x0000000081200000, 0x0000000081100000| Untracked 
|  18|0x0000000081200000, 0x0000000081300000, 0x0000000081300000|100%| O|  |TAMS 0x0000000081300000, 0x0000000081200000| Untracked 
|  19|0x0000000081300000, 0x0000000081400000, 0x0000000081400000|100%| O|  |TAMS 0x0000000081400000, 0x0000000081300000| Untracked 
|  20|0x0000000081400000, 0x0000000081500000, 0x0000000081500000|100%| O|  |TAMS 0x00000000814b3200, 0x0000000081400000| Untracked 
|  21|0x0000000081500000, 0x0000000081600000, 0x0000000081600000|100%| O|  |TAMS 0x0000000081500000, 0x0000000081500000| Untracked 
|  22|0x0000000081600000, 0x0000000081700000, 0x0000000081700000|100%| O|  |TAMS 0x0000000081600000, 0x0000000081600000| Untracked 
|  23|0x0000000081700000, 0x0000000081800000, 0x0000000081800000|100%| O|  |TAMS 0x0000000081700000, 0x0000000081700000| Untracked 
|  24|0x0000000081800000, 0x0000000081900000, 0x0000000081900000|100%| O|  |TAMS 0x0000000081800000, 0x0000000081800000| Untracked 
|  25|0x0000000081900000, 0x0000000081a00000, 0x0000000081a00000|100%| O|  |TAMS 0x0000000081900000, 0x0000000081900000| Untracked 
|  26|0x0000000081a00000, 0x0000000081b00000, 0x0000000081b00000|100%| O|  |TAMS 0x0000000081a00000, 0x0000000081a00000| Untracked 
|  27|0x0000000081b00000, 0x0000000081c00000, 0x0000000081c00000|100%| O|  |TAMS 0x0000000081b00000, 0x0000000081b00000| Untracked 
|  28|0x0000000081c00000, 0x0000000081d00000, 0x0000000081d00000|100%| O|  |TAMS 0x0000000081c00000, 0x0000000081c00000| Untracked 
|  29|0x0000000081d00000, 0x0000000081d6ca00, 0x0000000081e00000| 42%| O|  |TAMS 0x0000000081d00000, 0x0000000081d00000| Untracked 
|  30|0x0000000081e00000, 0x0000000081e00000, 0x0000000081f00000|  0%| F|  |TAMS 0x0000000081e00000, 0x0000000081e00000| Untracked 
|  31|0x0000000081f00000, 0x0000000081f00000, 0x0000000082000000|  0%| F|  |TAMS 0x0000000081f00000, 0x0000000081f00000| Untracked 
|  32|0x0000000082000000, 0x0000000082000000, 0x0000000082100000|  0%| F|  |TAMS 0x0000000082000000, 0x0000000082000000| Untracked 
|  33|0x0000000082100000, 0x0000000082100000, 0x0000000082200000|  0%| F|  |TAMS 0x0000000082100000, 0x0000000082100000| Untracked 
|  34|0x0000000082200000, 0x0000000082200000, 0x0000000082300000|  0%| F|  |TAMS 0x0000000082200000, 0x0000000082200000| Untracked 
|  35|0x0000000082300000, 0x0000000082300000, 0x0000000082400000|  0%| F|  |TAMS 0x0000000082300000, 0x0000000082300000| Untracked 
|  36|0x0000000082400000, 0x0000000082400000, 0x0000000082500000|  0%| F|  |TAMS 0x0000000082400000, 0x0000000082400000| Untracked 
|  37|0x0000000082500000, 0x0000000082500000, 0x0000000082600000|  0%| F|  |TAMS 0x0000000082500000, 0x0000000082500000| Untracked 
|  38|0x0000000082600000, 0x0000000082600000, 0x0000000082700000|  0%| F|  |TAMS 0x0000000082600000, 0x0000000082600000| Untracked 
|  39|0x0000000082700000, 0x0000000082700000, 0x0000000082800000|  0%| F|  |TAMS 0x0000000082700000, 0x0000000082700000| Untracked 
|  40|0x0000000082800000, 0x0000000082800000, 0x0000000082900000|  0%| F|  |TAMS 0x0000000082800000, 0x0000000082800000| Untracked 
|  41|0x0000000082900000, 0x0000000082900000, 0x0000000082a00000|  0%| F|  |TAMS 0x0000000082900000, 0x0000000082900000| Untracked 
|  42|0x0000000082a00000, 0x0000000082a00000, 0x0000000082b00000|  0%| F|  |TAMS 0x0000000082a00000, 0x0000000082a00000| Untracked 
|  43|0x0000000082b00000, 0x0000000082b00000, 0x0000000082c00000|  0%| F|  |TAMS 0x0000000082b00000, 0x0000000082b00000| Untracked 
|  44|0x0000000082c00000, 0x0000000082c00000, 0x0000000082d00000|  0%| F|  |TAMS 0x0000000082c00000, 0x0000000082c00000| Untracked 
|  45|0x0000000082d00000, 0x0000000082d00000, 0x0000000082e00000|  0%| F|  |TAMS 0x0000000082d00000, 0x0000000082d00000| Untracked 
|  46|0x0000000082e00000, 0x0000000082e00000, 0x0000000082f00000|  0%| F|  |TAMS 0x0000000082e00000, 0x0000000082e00000| Untracked 
|  47|0x0000000082f00000, 0x0000000083000000, 0x0000000083000000|100%| S|CS|TAMS 0x0000000082f00000, 0x0000000082f00000| Complete 
|  48|0x0000000083000000, 0x0000000083100000, 0x0000000083100000|100%| S|CS|TAMS 0x0000000083000000, 0x0000000083000000| Complete 
|  49|0x0000000083100000, 0x0000000083200000, 0x0000000083200000|100%| S|CS|TAMS 0x0000000083100000, 0x0000000083100000| Complete 
|  50|0x0000000083200000, 0x0000000083300000, 0x0000000083300000|100%| S|CS|TAMS 0x0000000083200000, 0x0000000083200000| Complete 
|  51|0x0000000083300000, 0x0000000083300000, 0x0000000083400000|  0%| F|  |TAMS 0x0000000083300000, 0x0000000083300000| Untracked 
|  52|0x0000000083400000, 0x0000000083400000, 0x0000000083500000|  0%| F|  |TAMS 0x0000000083400000, 0x0000000083400000| Untracked 
|  53|0x0000000083500000, 0x0000000083500000, 0x0000000083600000|  0%| F|  |TAMS 0x0000000083500000, 0x0000000083500000| Untracked 
|  54|0x0000000083600000, 0x0000000083600000, 0x0000000083700000|  0%| F|  |TAMS 0x0000000083600000, 0x0000000083600000| Untracked 
|  55|0x0000000083700000, 0x0000000083700000, 0x0000000083800000|  0%| F|  |TAMS 0x0000000083700000, 0x0000000083700000| Untracked 
|  56|0x0000000083800000, 0x0000000083800000, 0x0000000083900000|  0%| F|  |TAMS 0x0000000083800000, 0x0000000083800000| Untracked 
|  57|0x0000000083900000, 0x0000000083900000, 0x0000000083a00000|  0%| F|  |TAMS 0x0000000083900000, 0x0000000083900000| Untracked 
|  58|0x0000000083a00000, 0x0000000083a00000, 0x0000000083b00000|  0%| F|  |TAMS 0x0000000083a00000, 0x0000000083a00000| Untracked 
|  59|0x0000000083b00000, 0x0000000083b00000, 0x0000000083c00000|  0%| F|  |TAMS 0x0000000083b00000, 0x0000000083b00000| Untracked 
|  60|0x0000000083c00000, 0x0000000083c00000, 0x0000000083d00000|  0%| F|  |TAMS 0x0000000083c00000, 0x0000000083c00000| Untracked 
|  61|0x0000000083d00000, 0x0000000083d00000, 0x0000000083e00000|  0%| F|  |TAMS 0x0000000083d00000, 0x0000000083d00000| Untracked 
|  62|0x0000000083e00000, 0x0000000083f00000, 0x0000000083f00000|100%| E|  |TAMS 0x0000000083e00000, 0x0000000083e00000| Complete 
|  63|0x0000000083f00000, 0x0000000084000000, 0x0000000084000000|100%| E|CS|TAMS 0x0000000083f00000, 0x0000000083f00000| Complete 
|  64|0x0000000084000000, 0x0000000084100000, 0x0000000084100000|100%| E|CS|TAMS 0x0000000084000000, 0x0000000084000000| Complete 
|  65|0x0000000084100000, 0x0000000084200000, 0x0000000084200000|100%| E|CS|TAMS 0x0000000084100000, 0x0000000084100000| Complete 
|  66|0x0000000084200000, 0x0000000084300000, 0x0000000084300000|100%| E|CS|TAMS 0x0000000084200000, 0x0000000084200000| Complete 
|  67|0x0000000084300000, 0x0000000084400000, 0x0000000084400000|100%| E|CS|TAMS 0x0000000084300000, 0x0000000084300000| Complete 
|  68|0x0000000084400000, 0x0000000084500000, 0x0000000084500000|100%| E|CS|TAMS 0x0000000084400000, 0x0000000084400000| Complete 
|  69|0x0000000084500000, 0x0000000084600000, 0x0000000084600000|100%| E|CS|TAMS 0x0000000084500000, 0x0000000084500000| Complete 
|  70|0x0000000084600000, 0x0000000084700000, 0x0000000084700000|100%| E|CS|TAMS 0x0000000084600000, 0x0000000084600000| Complete 
|  71|0x0000000084700000, 0x0000000084800000, 0x0000000084800000|100%| E|CS|TAMS 0x0000000084700000, 0x0000000084700000| Complete 
|  72|0x0000000084800000, 0x0000000084900000, 0x0000000084900000|100%| E|CS|TAMS 0x0000000084800000, 0x0000000084800000| Complete 
|  73|0x0000000084900000, 0x0000000084a00000, 0x0000000084a00000|100%| E|CS|TAMS 0x0000000084900000, 0x0000000084900000| Complete 
|  74|0x0000000084a00000, 0x0000000084b00000, 0x0000000084b00000|100%| E|CS|TAMS 0x0000000084a00000, 0x0000000084a00000| Complete 
|  75|0x0000000084b00000, 0x0000000084c00000, 0x0000000084c00000|100%| E|CS|TAMS 0x0000000084b00000, 0x0000000084b00000| Complete 
|  76|0x0000000084c00000, 0x0000000084d00000, 0x0000000084d00000|100%| E|CS|TAMS 0x0000000084c00000, 0x0000000084c00000| Complete 
|  77|0x0000000084d00000, 0x0000000084e00000, 0x0000000084e00000|100%| E|CS|TAMS 0x0000000084d00000, 0x0000000084d00000| Complete 
|  78|0x0000000084e00000, 0x0000000084f00000, 0x0000000084f00000|100%| E|CS|TAMS 0x0000000084e00000, 0x0000000084e00000| Complete 
| 198|0x000000008c600000, 0x000000008c700000, 0x000000008c700000|100%| E|CS|TAMS 0x000000008c600000, 0x000000008c600000| Complete 
| 199|0x000000008c700000, 0x000000008c800000, 0x000000008c800000|100%| E|CS|TAMS 0x000000008c700000, 0x000000008c700000| Complete 
| 200|0x000000008c800000, 0x000000008c900000, 0x000000008c900000|100%| E|CS|TAMS 0x000000008c800000, 0x000000008c800000| Complete 
| 201|0x000000008c900000, 0x000000008ca00000, 0x000000008ca00000|100%| E|CS|TAMS 0x000000008c900000, 0x000000008c900000| Complete 
| 202|0x000000008ca00000, 0x000000008cb00000, 0x000000008cb00000|100%| E|CS|TAMS 0x000000008ca00000, 0x000000008ca00000| Complete 
| 203|0x000000008cb00000, 0x000000008cc00000, 0x000000008cc00000|100%| E|CS|TAMS 0x000000008cb00000, 0x000000008cb00000| Complete 
| 204|0x000000008cc00000, 0x000000008cd00000, 0x000000008cd00000|100%| E|CS|TAMS 0x000000008cc00000, 0x000000008cc00000| Complete 
| 205|0x000000008cd00000, 0x000000008ce00000, 0x000000008ce00000|100%| E|CS|TAMS 0x000000008cd00000, 0x000000008cd00000| Complete 
| 206|0x000000008ce00000, 0x000000008cf00000, 0x000000008cf00000|100%| E|CS|TAMS 0x000000008ce00000, 0x000000008ce00000| Complete 
| 253|0x000000008fd00000, 0x000000008fe00000, 0x000000008fe00000|100%| E|CS|TAMS 0x000000008fd00000, 0x000000008fd00000| Complete 

Card table byte_map: [0x000002403aa40000,0x000002403ae40000] _byte_map_base: 0x000002403a640000

Marking Bits (Prev, Next): (CMBitMap*) 0x0000024027e998a0, (CMBitMap*) 0x0000024027e998e0
 Prev Bits: [0x000002403b240000, 0x000002403d240000)
 Next Bits: [0x000002403d240000, 0x000002403f240000)

Polling page: 0x0000024025ce0000

Metaspace:

Usage:
  Non-class:     45.69 MB used.
      Class:      7.29 MB used.
       Both:     52.98 MB used.

Virtual space:
  Non-class space:       64.00 MB reserved,      46.00 MB ( 72%) committed,  1 nodes.
      Class space:        1.00 GB reserved,       7.56 MB ( <1%) committed,  1 nodes.
             Both:        1.06 GB reserved,      53.56 MB (  5%) committed. 

Chunk freelists:
   Non-Class:  1.97 MB
       Class:  8.36 MB
        Both:  10.33 MB

MaxMetaspaceSize: unlimited
CompressedClassSpaceSize: 1.00 GB
Initial GC threshold: 21.00 MB
Current GC threshold: 59.00 MB
CDS: off
MetaspaceReclaimPolicy: balanced
 - commit_granule_bytes: 65536.
 - commit_granule_words: 8192.
 - virtual_space_node_default_size: 8388608.
 - enlarge_chunks_in_place: 1.
 - new_chunks_are_fully_committed: 0.
 - uncommit_free_chunks: 1.
 - use_allocation_guard: 0.
 - handle_deallocations: 1.


Internal statistics:

num_allocs_failed_limit: 6.
num_arena_births: 586.
num_arena_deaths: 0.
num_vsnodes_births: 2.
num_vsnodes_deaths: 0.
num_space_committed: 857.
num_space_uncommitted: 0.
num_chunks_returned_to_freelist: 6.
num_chunks_taken_from_freelist: 2332.
num_chunk_merges: 6.
num_chunk_splits: 1552.
num_chunks_enlarged: 1068.
num_inconsistent_stats: 0.

CodeHeap 'non-profiled nmethods': size=120000Kb used=2792Kb max_used=2792Kb free=117207Kb
 bounds [0x0000024032de0000, 0x00000240330a0000, 0x000002403a310000]
CodeHeap 'profiled nmethods': size=120000Kb used=9629Kb max_used=9629Kb free=110370Kb
 bounds [0x000002402b310000, 0x000002402bc80000, 0x0000024032840000]
CodeHeap 'non-nmethods': size=5760Kb used=1617Kb max_used=1699Kb free=4142Kb
 bounds [0x0000024032840000, 0x0000024032ab0000, 0x0000024032de0000]
 total_blobs=5386 nmethods=4700 adapters=598
 compilation: enabled
              stopped_count=0, restarted_count=0
 full_count=0

Compilation events (20 events):
Event: 6.637 Thread 0x000002404609cf70 nmethod 4713 0x000002402bc67c90 code [0x000002402bc67e40, 0x000002402bc680e8]
Event: 6.637 Thread 0x000002404609cf70 4712       3       java.io.Bits::putInt (36 bytes)
Event: 6.637 Thread 0x000002404609cf70 nmethod 4712 0x000002402bc68190 code [0x000002402bc68320, 0x000002402bc684b8]
Event: 6.637 Thread 0x000002404609cf70 4710       3       java.io.ObjectOutputStream$BlockDataOutputStream::writeUTF (46 bytes)
Event: 6.637 Thread 0x000002404609cf70 nmethod 4710 0x000002402bc68610 code [0x000002402bc68800, 0x000002402bc68c38]
Event: 6.637 Thread 0x000002404609cf70 4717       3       java.io.ObjectInputStream$BlockDataInputStream::setBlockDataMode (74 bytes)
Event: 6.638 Thread 0x000002404609cf70 nmethod 4717 0x000002402bc68e10 code [0x000002402bc68fc0, 0x000002402bc69308]
Event: 6.638 Thread 0x000002404609cf70 4718   !   3       java.io.ObjectInputStream::readObject0 (681 bytes)
Event: 6.641 Thread 0x000002404609cf70 nmethod 4718 0x000002402bc69410 code [0x000002402bc69b60, 0x000002402bc6cb08]
Event: 6.641 Thread 0x000002404609cf70 4721   !   3       java.io.ObjectInputStream$BlockDataInputStream::readUTFSpan (502 bytes)
Event: 6.642 Thread 0x000002404609cf70 nmethod 4721 0x000002402bc6e790 code [0x000002402bc6ea20, 0x000002402bc6f7e8]
Event: 6.642 Thread 0x000002404609cf70 4720       3       java.io.ObjectInputStream$BlockDataInputStream::peek (55 bytes)
Event: 6.642 Thread 0x000002404609cf70 nmethod 4720 0x000002402bc70190 code [0x000002402bc70360, 0x000002402bc70638]
Event: 6.642 Thread 0x000002404609cf70 4719       3       java.io.ObjectInputStream$HandleTable::markDependency (175 bytes)
Event: 6.642 Thread 0x000002404609cf70 nmethod 4719 0x000002402bc70790 code [0x000002402bc70a00, 0x000002402bc714c8]
Event: 6.642 Thread 0x000002404609cf70 4722       3       java.io.Bits::getInt (43 bytes)
Event: 6.642 Thread 0x000002404609cf70 nmethod 4722 0x000002402bc71810 code [0x000002402bc719a0, 0x000002402bc71b58]
Event: 6.642 Thread 0x000002404609cf70 4723       1       java.io.ObjectStreamField::setOffset (6 bytes)
Event: 6.642 Thread 0x000002404609cf70 nmethod 4723 0x0000024033099c90 code [0x0000024033099e20, 0x0000024033099ef8]
Event: 6.657 Thread 0x000002404609cf70 4724       3       org.gradle.api.internal.artifacts.repositories.resolver.AbstractResourcePattern::isOptionalToken (153 bytes)

GC Heap History (20 events):
Event: 1.431 GC heap before
{Heap before GC invocations=1 (full 0):
 garbage-first heap   total 260096K, used 38873K [0x0000000080000000, 0x0000000100000000)
  region size 1024K, 30 young (30720K), 3 survivors (3072K)
 Metaspace       used 11485K, committed 11648K, reserved 1114112K
  class space    used 1200K, committed 1280K, reserved 1048576K
}
Event: 1.434 GC heap after
{Heap after GC invocations=2 (full 0):
 garbage-first heap   total 260096K, used 11817K [0x0000000080000000, 0x0000000100000000)
  region size 1024K, 1 young (1024K), 1 survivors (1024K)
 Metaspace       used 11485K, committed 11648K, reserved 1114112K
  class space    used 1200K, committed 1280K, reserved 1048576K
}
Event: 2.619 GC heap before
{Heap before GC invocations=2 (full 0):
 garbage-first heap   total 260096K, used 58921K [0x0000000080000000, 0x0000000100000000)
  region size 1024K, 47 young (48128K), 1 survivors (1024K)
 Metaspace       used 21326K, committed 21504K, reserved 1114112K
  class space    used 2521K, committed 2624K, reserved 1048576K
}
Event: 2.626 GC heap after
{Heap after GC invocations=3 (full 0):
 garbage-first heap   total 260096K, used 19644K [0x0000000080000000, 0x0000000100000000)
  region size 1024K, 9 young (9216K), 9 survivors (9216K)
 Metaspace       used 21326K, committed 21504K, reserved 1114112K
  class space    used 2521K, committed 2624K, reserved 1048576K
}
Event: 3.216 GC heap before
{Heap before GC invocations=4 (full 0):
 garbage-first heap   total 71680K, used 52412K [0x0000000080000000, 0x0000000100000000)
  region size 1024K, 42 young (43008K), 9 survivors (9216K)
 Metaspace       used 26643K, committed 26880K, reserved 1114112K
  class space    used 3431K, committed 3520K, reserved 1048576K
}
Event: 3.221 GC heap after
{Heap after GC invocations=5 (full 0):
 garbage-first heap   total 71680K, used 21330K [0x0000000080000000, 0x0000000100000000)
  region size 1024K, 3 young (3072K), 3 survivors (3072K)
 Metaspace       used 26643K, committed 26880K, reserved 1114112K
  class space    used 3431K, committed 3520K, reserved 1048576K
}
Event: 3.697 GC heap before
{Heap before GC invocations=5 (full 0):
 garbage-first heap   total 71680K, used 50002K [0x0000000080000000, 0x0000000100000000)
  region size 1024K, 31 young (31744K), 3 survivors (3072K)
 Metaspace       used 30597K, committed 30848K, reserved 1114112K
  class space    used 4071K, committed 4160K, reserved 1048576K
}
Event: 3.702 GC heap after
{Heap after GC invocations=6 (full 0):
 garbage-first heap   total 71680K, used 22773K [0x0000000080000000, 0x0000000100000000)
  region size 1024K, 4 young (4096K), 4 survivors (4096K)
 Metaspace       used 30597K, committed 30848K, reserved 1114112K
  class space    used 4071K, committed 4160K, reserved 1048576K
}
Event: 4.164 GC heap before
{Heap before GC invocations=6 (full 0):
 garbage-first heap   total 71680K, used 52469K [0x0000000080000000, 0x0000000100000000)
  region size 1024K, 33 young (33792K), 4 survivors (4096K)
 Metaspace       used 34192K, committed 34496K, reserved 1114112K
  class space    used 4663K, committed 4800K, reserved 1048576K
}
Event: 4.169 GC heap after
{Heap after GC invocations=7 (full 0):
 garbage-first heap   total 71680K, used 23928K [0x0000000080000000, 0x0000000100000000)
  region size 1024K, 3 young (3072K), 3 survivors (3072K)
 Metaspace       used 34192K, committed 34496K, reserved 1114112K
  class space    used 4663K, committed 4800K, reserved 1048576K
}
Event: 4.298 GC heap before
{Heap before GC invocations=7 (full 0):
 garbage-first heap   total 71680K, used 31096K [0x0000000080000000, 0x0000000100000000)
  region size 1024K, 12 young (12288K), 3 survivors (3072K)
 Metaspace       used 35743K, committed 36096K, reserved 1114112K
  class space    used 4872K, committed 5056K, reserved 1048576K
}
Event: 4.302 GC heap after
{Heap after GC invocations=8 (full 0):
 garbage-first heap   total 71680K, used 24435K [0x0000000080000000, 0x0000000100000000)
  region size 1024K, 2 young (2048K), 2 survivors (2048K)
 Metaspace       used 35743K, committed 36096K, reserved 1114112K
  class space    used 4872K, committed 5056K, reserved 1048576K
}
Event: 4.735 GC heap before
{Heap before GC invocations=9 (full 0):
 garbage-first heap   total 71680K, used 54131K [0x0000000080000000, 0x0000000100000000)
  region size 1024K, 32 young (32768K), 2 survivors (2048K)
 Metaspace       used 40996K, committed 41280K, reserved 1114112K
  class space    used 5429K, committed 5568K, reserved 1048576K
}
Event: 4.740 GC heap after
{Heap after GC invocations=10 (full 0):
 garbage-first heap   total 71680K, used 28283K [0x0000000080000000, 0x0000000100000000)
  region size 1024K, 4 young (4096K), 4 survivors (4096K)
 Metaspace       used 40996K, committed 41280K, reserved 1114112K
  class space    used 5429K, committed 5568K, reserved 1048576K
}
Event: 4.954 GC heap before
{Heap before GC invocations=10 (full 0):
 garbage-first heap   total 71680K, used 53883K [0x0000000080000000, 0x0000000100000000)
  region size 1024K, 30 young (30720K), 4 survivors (4096K)
 Metaspace       used 42193K, committed 42560K, reserved 1114112K
  class space    used 5605K, committed 5760K, reserved 1048576K
}
Event: 4.960 GC heap after
{Heap after GC invocations=11 (full 0):
 garbage-first heap   total 71680K, used 30316K [0x0000000080000000, 0x0000000100000000)
  region size 1024K, 2 young (2048K), 2 survivors (2048K)
 Metaspace       used 42193K, committed 42560K, reserved 1114112K
  class space    used 5605K, committed 5760K, reserved 1048576K
}
Event: 5.382 GC heap before
{Heap before GC invocations=11 (full 0):
 garbage-first heap   total 71680K, used 56940K [0x0000000080000000, 0x0000000100000000)
  region size 1024K, 27 young (27648K), 2 survivors (2048K)
 Metaspace       used 45917K, committed 46336K, reserved 1114112K
  class space    used 6147K, committed 6336K, reserved 1048576K
}
Event: 5.387 GC heap after
{Heap after GC invocations=12 (full 0):
 garbage-first heap   total 91136K, used 32084K [0x0000000080000000, 0x0000000100000000)
  region size 1024K, 4 young (4096K), 4 survivors (4096K)
 Metaspace       used 45917K, committed 46336K, reserved 1114112K
  class space    used 6147K, committed 6336K, reserved 1048576K
}
Event: 6.037 GC heap before
{Heap before GC invocations=12 (full 0):
 garbage-first heap   total 91136K, used 70996K [0x0000000080000000, 0x0000000100000000)
  region size 1024K, 42 young (43008K), 4 survivors (4096K)
 Metaspace       used 50950K, committed 51392K, reserved 1114112K
  class space    used 6932K, committed 7104K, reserved 1048576K
}
Event: 6.043 GC heap after
{Heap after GC invocations=13 (full 0):
 garbage-first heap   total 91136K, used 34017K [0x0000000080000000, 0x0000000100000000)
  region size 1024K, 4 young (4096K), 4 survivors (4096K)
 Metaspace       used 50950K, committed 51392K, reserved 1114112K
  class space    used 6932K, committed 7104K, reserved 1048576K
}

Dll operation events (3 events):
Event: 0.010 Loaded shared library C:\Program Files\Android\Android Studio\jbr\bin\java.dll
Event: 0.238 Loaded shared library C:\Program Files\Android\Android Studio\jbr\bin\zip.dll
Event: 0.685 Loaded shared library C:\Program Files\Android\Android Studio\jbr\bin\verify.dll

Deoptimization events (20 events):
Event: 6.276 Thread 0x00000240492a5b90 DEOPT PACKING pc=0x0000024032f5536c sp=0x000000a12c5f8c70
Event: 6.276 Thread 0x00000240492a5b90 DEOPT UNPACKING pc=0x00000240328969a3 sp=0x000000a12c5f8c08 mode 2
Event: 6.365 Thread 0x00000240492a5b90 DEOPT PACKING pc=0x000002402b770154 sp=0x000000a12c5f94a0
Event: 6.365 Thread 0x00000240492a5b90 DEOPT UNPACKING pc=0x0000024032897143 sp=0x000000a12c5f89f8 mode 0
Event: 6.527 Thread 0x00000240492a5b90 Uncommon trap: trap_request=0xffffffde fr.pc=0x000002403305f8d8 relative=0x0000000000005458
Event: 6.527 Thread 0x00000240492a5b90 Uncommon trap: reason=class_check action=maybe_recompile pc=0x000002403305f8d8 method=java.net.URLClassLoader.defineClass(Ljava/lang/String;Ljdk/internal/loader/Resource;)Ljava/lang/Class; @ 34 c2
Event: 6.527 Thread 0x00000240492a5b90 DEOPT PACKING pc=0x000002403305f8d8 sp=0x000000a12c5f8b00
Event: 6.527 Thread 0x00000240492a5b90 DEOPT UNPACKING pc=0x00000240328969a3 sp=0x000000a12c5f8ab0 mode 2
Event: 6.534 Thread 0x00000240492a5b90 Uncommon trap: trap_request=0xffffff3d fr.pc=0x0000024032ff17ac relative=0x0000000000000d2c
Event: 6.534 Thread 0x00000240492a5b90 Uncommon trap: reason=unstable_fused_if action=reinterpret pc=0x0000024032ff17ac method=org.objectweb.asm.ByteVector.putUTF8(Ljava/lang/String;)Lorg/objectweb/asm/ByteVector; @ 93 c2
Event: 6.534 Thread 0x00000240492a5b90 DEOPT PACKING pc=0x0000024032ff17ac sp=0x000000a12c5f8bd0
Event: 6.534 Thread 0x00000240492a5b90 DEOPT UNPACKING pc=0x00000240328969a3 sp=0x000000a12c5f8b28 mode 2
Event: 6.577 Thread 0x00000240492a5b90 Uncommon trap: trap_request=0xffffff45 fr.pc=0x000002403301a3b8 relative=0x0000000000005658
Event: 6.577 Thread 0x00000240492a5b90 Uncommon trap: reason=unstable_if action=reinterpret pc=0x000002403301a3b8 method=org.objectweb.asm.Frame.execute(IILorg/objectweb/asm/Symbol;Lorg/objectweb/asm/SymbolTable;)V @ 1 c2
Event: 6.577 Thread 0x00000240492a5b90 DEOPT PACKING pc=0x000002403301a3b8 sp=0x000000a12c5f8b60
Event: 6.577 Thread 0x00000240492a5b90 DEOPT UNPACKING pc=0x00000240328969a3 sp=0x000000a12c5f8b08 mode 2
Event: 6.633 Thread 0x00000240492a5b90 Uncommon trap: trap_request=0xffffff76 fr.pc=0x0000024032f37034 relative=0x0000000000000274
Event: 6.633 Thread 0x00000240492a5b90 Uncommon trap: reason=predicate action=maybe_recompile pc=0x0000024032f37034 method=com.google.common.base.CharMatcher.indexIn(Ljava/lang/CharSequence;I)I @ 19 c2
Event: 6.633 Thread 0x00000240492a5b90 DEOPT PACKING pc=0x0000024032f37034 sp=0x000000a12c5f95f0
Event: 6.633 Thread 0x00000240492a5b90 DEOPT UNPACKING pc=0x00000240328969a3 sp=0x000000a12c5f9598 mode 2

Classes unloaded (0 events):
No events

Classes redefined (0 events):
No events

Internal exceptions (20 events):
Event: 5.724 Thread 0x00000240492a5b90 Exception <a 'java/lang/NoSuchMethodError'{0x0000000084311c60}: 'int java.lang.invoke.DirectMethodHandle$Holder.invokeStaticInit(java.lang.Object)'> (0x0000000084311c60) 
thrown [s\src\hotspot\share\interpreter\linkResolver.cpp, line 771]
Event: 5.867 Thread 0x00000240492a5b90 Exception <a 'java/lang/NoSuchMethodError'{0x0000000083cdcd28}: 'void java.lang.invoke.DirectMethodHandle$Holder.invokeStatic(java.lang.Object, java.lang.Object, java.lang.Object, java.lang.Object, java.lang.Object, java.lang.Object, java.lang.Object)'> (0x0000000083cdcd28) 
thrown [s\src\hotspot\share\interpreter\linkResolver.cpp, line 771]
Event: 5.886 Thread 0x00000240492a5b90 Exception <a 'java/lang/NoSuchMethodError'{0x0000000083bf9998}: 'java.lang.Object java.lang.invoke.DirectMethodHandle$Holder.invokeVirtual(java.lang.Object, java.lang.Object, int)'> (0x0000000083bf9998) 
thrown [s\src\hotspot\share\interpreter\linkResolver.cpp, line 771]
Event: 6.091 Thread 0x0000024046e454a0 Exception <a 'java/lang/NoSuchMethodError'{0x000000008ceabb28}: static Lorg/gradle/internal/build/event/types/DefaultOperationStartedProgressEvent;.<clinit>()V> (0x000000008ceabb28) 
thrown [s\src\hotspot\share\prims\jni.cpp, line 1108]
Event: 6.092 Thread 0x0000024046e454a0 Exception <a 'java/lang/NoSuchMethodError'{0x000000008ceade28}: static Lorg/gradle/internal/build/event/types/AbstractProgressEvent;.<clinit>()V> (0x000000008ceade28) 
thrown [s\src\hotspot\share\prims\jni.cpp, line 1108]
Event: 6.096 Thread 0x0000024046e454a0 Exception <a 'java/lang/NoSuchMethodError'{0x000000008cec0d38}: static Lorg/gradle/internal/build/event/types/DefaultProjectConfigurationDescriptor;.<clinit>()V> (0x000000008cec0d38) 
thrown [s\src\hotspot\share\prims\jni.cpp, line 1108]
Event: 6.096 Thread 0x0000024046e454a0 Exception <a 'java/lang/NoSuchMethodError'{0x000000008cd010b8}: static Lorg/gradle/internal/build/event/types/DefaultOperationDescriptor;.<clinit>()V> (0x000000008cd010b8) 
thrown [s\src\hotspot\share\prims\jni.cpp, line 1108]
Event: 6.100 Thread 0x0000024046e454a0 Exception <a 'java/lang/NoSuchMethodError'{0x000000008cd19f78}: static Lorg/gradle/internal/operations/OperationIdentifier;.<clinit>()V> (0x000000008cd19f78) 
thrown [s\src\hotspot\share\prims\jni.cpp, line 1108]
Event: 6.252 Thread 0x00000240492a5b90 Exception <a 'java/lang/NoSuchMethodError'{0x000000008c6b9c50}: 'long java.lang.invoke.DirectMethodHandle$Holder.invokeStatic(java.lang.Object, long)'> (0x000000008c6b9c50) 
thrown [s\src\hotspot\share\interpreter\linkResolver.cpp, line 771]
Event: 6.576 Thread 0x00000240492a5b90 Exception <a 'java/lang/NoSuchMethodError'{0x00000000842070e0}: 'java.lang.Object java.lang.invoke.DirectMethodHandle$Holder.newInvokeSpecial(java.lang.Object, java.lang.Object, java.lang.Object, java.lang.Object, int)'> (0x00000000842070e0) 
thrown [s\src\hotspot\share\interpreter\linkResolver.cpp, line 771]
Event: 6.576 Thread 0x00000240492a5b90 Exception <a 'java/lang/NoSuchMethodError'{0x000000008420c160}: 'java.lang.Object java.lang.invoke.DirectMethodHandle$Holder.invokeSpecial(java.lang.Object, java.lang.Object, java.lang.Object, java.lang.Object, java.lang.Object, int)'> (0x000000008420c160) 
thrown [s\src\hotspot\share\interpreter\linkResolver.cpp, line 771]
Event: 6.576 Thread 0x00000240492a5b90 Exception <a 'java/lang/NoSuchMethodError'{0x0000000084210b90}: 'java.lang.Object java.lang.invoke.Invokers$Holder.linkToTargetMethod(java.lang.Object, java.lang.Object, java.lang.Object, int, java.lang.Object)'> (0x0000000084210b90) 
thrown [s\src\hotspot\share\interpreter\linkResolver.cpp, line 771]
Event: 6.591 Thread 0x00000240492a5b90 Exception <a 'java/lang/NoSuchMethodError'{0x0000000084290840}: static Lorg/gradle/api/internal/catalog/DefaultVersionCatalog;.<clinit>()V> (0x0000000084290840) 
thrown [s\src\hotspot\share\prims\jni.cpp, line 1108]
Event: 6.596 Thread 0x00000240492a5b90 Exception <a 'java/lang/NoSuchMethodError'{0x00000000842dee80}: static [Ljava/lang/Object;.<clinit>()V> (0x00000000842dee80) 
thrown [s\src\hotspot\share\prims\jni.cpp, line 1108]
Event: 6.598 Thread 0x00000240492a5b90 Exception <a 'java/lang/NoSuchMethodError'{0x0000000084104658}: static Lorg/gradle/api/internal/catalog/DependencyModel;.<clinit>()V> (0x0000000084104658) 
thrown [s\src\hotspot\share\prims\jni.cpp, line 1108]
Event: 6.599 Thread 0x00000240492a5b90 Exception <a 'java/lang/NoSuchMethodError'{0x0000000084107e90}: static Lorg/gradle/api/internal/catalog/AbstractContextAwareModel;.<clinit>()V> (0x0000000084107e90) 
thrown [s\src\hotspot\share\prims\jni.cpp, line 1108]
Event: 6.601 Thread 0x00000240492a5b90 Exception <a 'java/lang/NoSuchMethodError'{0x000000008411f9d0}: static Lorg/gradle/api/internal/artifacts/dependencies/AbstractVersionConstraint;.<clinit>()V> (0x000000008411f9d0) 
thrown [s\src\hotspot\share\prims\jni.cpp, line 1108]
Event: 6.609 Thread 0x00000240492a5b90 Exception <a 'java/lang/NoSuchMethodError'{0x000000008417b5d0}: static Lorg/gradle/api/internal/catalog/PluginModel;.<clinit>()V> (0x000000008417b5d0) 
thrown [s\src\hotspot\share\prims\jni.cpp, line 1108]
Event: 6.610 Thread 0x00000240492a5b90 Exception <a 'java/lang/NoSuchMethodError'{0x0000000084190768}: static Lorg/gradle/api/internal/catalog/VersionModel;.<clinit>()V> (0x0000000084190768) 
thrown [s\src\hotspot\share\prims\jni.cpp, line 1108]
Event: 6.613 Thread 0x00000240492a5b90 Exception <a 'java/lang/NoSuchMethodError'{0x00000000841b53a8}: 'void java.lang.invoke.DirectMethodHandle$Holder.invokeSpecial(java.lang.Object, java.lang.Object, java.lang.Object, int)'> (0x00000000841b53a8) 
thrown [s\src\hotspot\share\interpreter\linkResolver.cpp, line 771]

VM Operations (20 events):
Event: 4.983 Executing VM operation: HandshakeAllThreads
Event: 4.983 Executing VM operation: HandshakeAllThreads done
Event: 5.007 Executing VM operation: HandshakeAllThreads
Event: 5.007 Executing VM operation: HandshakeAllThreads done
Event: 5.251 Executing VM operation: HandshakeAllThreads
Event: 5.251 Executing VM operation: HandshakeAllThreads done
Event: 5.382 Executing VM operation: G1CollectForAllocation
Event: 5.387 Executing VM operation: G1CollectForAllocation done
Event: 5.765 Executing VM operation: HandshakeAllThreads
Event: 5.765 Executing VM operation: HandshakeAllThreads done
Event: 5.856 Executing VM operation: HandshakeAllThreads
Event: 5.856 Executing VM operation: HandshakeAllThreads done
Event: 5.984 Executing VM operation: HandshakeAllThreads
Event: 5.984 Executing VM operation: HandshakeAllThreads done
Event: 6.028 Executing VM operation: ICBufferFull
Event: 6.028 Executing VM operation: ICBufferFull done
Event: 6.036 Executing VM operation: G1CollectForAllocation
Event: 6.043 Executing VM operation: G1CollectForAllocation done
Event: 6.593 Executing VM operation: HandshakeAllThreads
Event: 6.593 Executing VM operation: HandshakeAllThreads done

Events (20 events):
Event: 6.618 loading class sun/util/logging/PlatformLogger$ConfigurableBridge$LoggerConfiguration done
Event: 6.618 loading class sun/util/logging/internal/LoggingProviderImpl$JULWrapper done
Event: 6.618 loading class java/io/ObjectInputFilter
Event: 6.618 loading class java/io/ObjectInputFilter done
Event: 6.619 loading class java/io/ObjectInputFilter$Config$BuiltinFilterFactory
Event: 6.619 loading class java/io/ObjectInputFilter$Config$BuiltinFilterFactory done
Event: 6.619 loading class jdk/internal/access/JavaObjectInputFilterAccess
Event: 6.619 loading class jdk/internal/access/JavaObjectInputFilterAccess done
Event: 6.619 loading class java/lang/System$Logger$Level
Event: 6.619 loading class java/lang/System$Logger$Level done
Event: 6.620 loading class jdk/internal/event/DeserializationEvent
Event: 6.620 loading class jdk/internal/event/DeserializationEvent done
Event: 6.620 loading class java/io/ObjectInputStream$FieldValues
Event: 6.620 loading class java/io/ObjectInputStream$GetField
Event: 6.620 loading class java/io/ObjectInputStream$GetField done
Event: 6.620 loading class java/io/ObjectInputStream$FieldValues done
Event: 6.626 loading class sun/reflect/ReflectionFactory
Event: 6.626 loading class sun/reflect/ReflectionFactory done
Event: 6.626 loading class sun/reflect/ReflectionFactory$1
Event: 6.626 loading class sun/reflect/ReflectionFactory$1 done


Dynamic libraries:
0x00007ff6745b0000 - 0x00007ff6745ba000 	C:\Program Files\Android\Android Studio\jbr\bin\java.exe
0x00007ffb766d0000 - 0x00007ffb768e6000 	C:\WINDOWS\SYSTEM32\ntdll.dll
0x00007ffb75dd0000 - 0x00007ffb75e94000 	C:\WINDOWS\System32\KERNEL32.DLL
0x00007ffb73f10000 - 0x00007ffb742b7000 	C:\WINDOWS\System32\KERNELBASE.dll
0x00007ffb73dc0000 - 0x00007ffb73ed1000 	C:\WINDOWS\System32\ucrtbase.dll
0x00007ffb59f90000 - 0x00007ffb59fa7000 	C:\Program Files\Android\Android Studio\jbr\bin\jli.dll
0x00007ffb63a20000 - 0x00007ffb63a3b000 	C:\Program Files\Android\Android Studio\jbr\bin\VCRUNTIME140.dll
0x00007ffb75870000 - 0x00007ffb75a1e000 	C:\WINDOWS\System32\USER32.dll
0x00007ffb73ee0000 - 0x00007ffb73f06000 	C:\WINDOWS\System32\win32u.dll
0x00007ffb75580000 - 0x00007ffb755a9000 	C:\WINDOWS\System32\GDI32.dll
0x00007ffb73b00000 - 0x00007ffb73c19000 	C:\WINDOWS\System32\gdi32full.dll
0x00007ffb739f0000 - 0x00007ffb73a8a000 	C:\WINDOWS\System32\msvcp_win.dll
0x00007ffb540b0000 - 0x00007ffb54343000 	C:\WINDOWS\WinSxS\amd64_microsoft.windows.common-controls_6595b64144ccf1df_6.0.22621.3235_none_270f74e173860f98\COMCTL32.dll
0x00007ffb74fa0000 - 0x00007ffb75047000 	C:\WINDOWS\System32\msvcrt.dll
0x00007ffb765d0000 - 0x00007ffb76601000 	C:\WINDOWS\System32\IMM32.DLL
0x00007ffb6ccc0000 - 0x00007ffb6cccc000 	C:\Program Files\Android\Android Studio\jbr\bin\vcruntime140_1.dll
0x00007ffb63900000 - 0x00007ffb6398d000 	C:\Program Files\Android\Android Studio\jbr\bin\msvcp140.dll
0x00007ffb0dd70000 - 0x00007ffb0e9f3000 	C:\Program Files\Android\Android Studio\jbr\bin\server\jvm.dll
0x00007ffb75ea0000 - 0x00007ffb75f52000 	C:\WINDOWS\System32\ADVAPI32.dll
0x00007ffb75d20000 - 0x00007ffb75dc8000 	C:\WINDOWS\System32\sechost.dll
0x00007ffb73d90000 - 0x00007ffb73db8000 	C:\WINDOWS\System32\bcrypt.dll
0x00007ffb76020000 - 0x00007ffb76135000 	C:\WINDOWS\System32\RPCRT4.dll
0x00007ffb738c0000 - 0x00007ffb7390d000 	C:\WINDOWS\SYSTEM32\POWRPROF.dll
0x00007ffb69500000 - 0x00007ffb69509000 	C:\WINDOWS\SYSTEM32\WSOCK32.dll
0x00007ffb76530000 - 0x00007ffb765a1000 	C:\WINDOWS\System32\WS2_32.dll
0x00007ffb63200000 - 0x00007ffb63234000 	C:\WINDOWS\SYSTEM32\WINMM.dll
0x00007ffb5f000000 - 0x00007ffb5f00a000 	C:\WINDOWS\SYSTEM32\VERSION.dll
0x00007ffb737f0000 - 0x00007ffb73803000 	C:\WINDOWS\SYSTEM32\UMPDC.dll
0x00007ffb729f0000 - 0x00007ffb72a08000 	C:\WINDOWS\SYSTEM32\kernel.appcore.dll
0x00007ffb69450000 - 0x00007ffb6945a000 	C:\Program Files\Android\Android Studio\jbr\bin\jimage.dll
0x00007ffb6da20000 - 0x00007ffb6dc53000 	C:\WINDOWS\SYSTEM32\DBGHELP.DLL
0x00007ffb761a0000 - 0x00007ffb76528000 	C:\WINDOWS\System32\combase.dll
0x00007ffb75a20000 - 0x00007ffb75af7000 	C:\WINDOWS\System32\OLEAUT32.dll
0x00007ffb5bc60000 - 0x00007ffb5bc92000 	C:\WINDOWS\SYSTEM32\dbgcore.DLL
0x00007ffb74380000 - 0x00007ffb743f9000 	C:\WINDOWS\System32\bcryptPrimitives.dll
0x00007ffb5a060000 - 0x00007ffb5a06e000 	C:\Program Files\Android\Android Studio\jbr\bin\instrument.dll
0x00007ffb5a380000 - 0x00007ffb5a3a5000 	C:\Program Files\Android\Android Studio\jbr\bin\java.dll
0x00007ffb637e0000 - 0x00007ffb637f8000 	C:\Program Files\Android\Android Studio\jbr\bin\zip.dll
0x00007ffb74640000 - 0x00007ffb74e9c000 	C:\WINDOWS\System32\SHELL32.dll
0x00007ffb71900000 - 0x00007ffb721f9000 	C:\WINDOWS\SYSTEM32\windows.storage.dll
0x00007ffb717c0000 - 0x00007ffb718fe000 	C:\WINDOWS\SYSTEM32\wintypes.dll
0x00007ffb74ea0000 - 0x00007ffb74f93000 	C:\WINDOWS\System32\SHCORE.dll
0x00007ffb75520000 - 0x00007ffb7557e000 	C:\WINDOWS\System32\shlwapi.dll
0x00007ffb73920000 - 0x00007ffb73941000 	C:\WINDOWS\SYSTEM32\profapi.dll
0x00007ffb60230000 - 0x00007ffb60249000 	C:\Program Files\Android\Android Studio\jbr\bin\net.dll
0x00007ffb66af0000 - 0x00007ffb66c26000 	C:\WINDOWS\SYSTEM32\WINHTTP.dll
0x00007ffb72e60000 - 0x00007ffb72ec9000 	C:\WINDOWS\system32\mswsock.dll
0x00007ffb5d6e0000 - 0x00007ffb5d6f6000 	C:\Program Files\Android\Android Studio\jbr\bin\nio.dll
0x00007ffb5aab0000 - 0x00007ffb5aac0000 	C:\Program Files\Android\Android Studio\jbr\bin\verify.dll
0x00007ffb59020000 - 0x00007ffb59047000 	C:\Users\Danny\.gradle\native\c067742578af261105cb4f569cf0c3c89f3d7b1fecec35dd04571415982c5e48\windows-amd64\native-platform.dll
0x00007ffb11f20000 - 0x00007ffb12064000 	C:\Users\Danny\.gradle\native\38dada09dfb8b06ba9b0570ebf7e218e3eb74d4ef43ca46872605cf95ebc2f47\windows-amd64\native-platform-file-events.dll
0x00007ffb693f0000 - 0x00007ffb693f9000 	C:\Program Files\Android\Android Studio\jbr\bin\management.dll
0x00007ffb639e0000 - 0x00007ffb639eb000 	C:\Program Files\Android\Android Studio\jbr\bin\management_ext.dll
0x00007ffb75b40000 - 0x00007ffb75b48000 	C:\WINDOWS\System32\PSAPI.DLL
0x00007ffb730f0000 - 0x00007ffb7310b000 	C:\WINDOWS\SYSTEM32\CRYPTSP.dll
0x00007ffb72950000 - 0x00007ffb72985000 	C:\WINDOWS\system32\rsaenh.dll
0x00007ffb72f30000 - 0x00007ffb72f58000 	C:\WINDOWS\SYSTEM32\USERENV.dll
0x00007ffb730e0000 - 0x00007ffb730ec000 	C:\WINDOWS\SYSTEM32\CRYPTBASE.dll
0x00007ffb724a0000 - 0x00007ffb724cd000 	C:\WINDOWS\SYSTEM32\IPHLPAPI.DLL
0x00007ffb75b00000 - 0x00007ffb75b09000 	C:\WINDOWS\System32\NSI.dll
0x00007ffb669c0000 - 0x00007ffb669d9000 	C:\WINDOWS\SYSTEM32\dhcpcsvc6.DLL
0x00007ffb669a0000 - 0x00007ffb669bf000 	C:\WINDOWS\SYSTEM32\dhcpcsvc.DLL
0x00007ffb724d0000 - 0x00007ffb725c9000 	C:\WINDOWS\SYSTEM32\DNSAPI.dll
0x00007ffb5a370000 - 0x00007ffb5a378000 	C:\WINDOWS\system32\wshunix.dll

dbghelp: loaded successfully - version: 4.0.5 - missing functions: none
symbol engine: initialized successfully - sym options: 0x614 - pdb path: .;C:\Program Files\Android\Android Studio\jbr\bin;C:\WINDOWS\SYSTEM32;C:\WINDOWS\WinSxS\amd64_microsoft.windows.common-controls_6595b64144ccf1df_6.0.22621.3235_none_270f74e173860f98;C:\Program Files\Android\Android Studio\jbr\bin\server;C:\Users\Danny\.gradle\native\c067742578af261105cb4f569cf0c3c89f3d7b1fecec35dd04571415982c5e48\windows-amd64;C:\Users\Danny\.gradle\native\38dada09dfb8b06ba9b0570ebf7e218e3eb74d4ef43ca46872605cf95ebc2f47\windows-amd64

VM Arguments:
jvm_args: --add-opens=java.base/java.util=ALL-UNNAMED --add-opens=java.base/java.lang=ALL-UNNAMED --add-opens=java.base/java.lang.invoke=ALL-UNNAMED --add-opens=java.prefs/java.util.prefs=ALL-UNNAMED --add-opens=java.base/java.nio.charset=ALL-UNNAMED --add-opens=java.base/java.net=ALL-UNNAMED --add-opens=java.base/java.util.concurrent.atomic=ALL-UNNAMED -Xmx2048m -Dfile.encoding=UTF-8 -Duser.country=TW -Duser.language=zh -Duser.variant -javaagent:C:\Users\Danny\.gradle\wrapper\dists\gradle-8.4-bin\1w5dpkrfk8irigvoxmyhowfim\gradle-8.4\lib\agents\gradle-instrumentation-agent-8.4.jar 
java_command: org.gradle.launcher.daemon.bootstrap.GradleDaemon 8.4
java_class_path (initial): C:\Users\Danny\.gradle\wrapper\dists\gradle-8.4-bin\1w5dpkrfk8irigvoxmyhowfim\gradle-8.4\lib\gradle-launcher-8.4.jar
Launcher Type: SUN_STANDARD

[Global flags]
     intx CICompilerCount                          = 4                                         {product} {ergonomic}
     uint ConcGCThreads                            = 2                                         {product} {ergonomic}
     uint G1ConcRefinementThreads                  = 8                                         {product} {ergonomic}
   size_t G1HeapRegionSize                         = 1048576                                   {product} {ergonomic}
    uintx GCDrainStackTargetSize                   = 64                                        {product} {ergonomic}
   size_t InitialHeapSize                          = 266338304                                 {product} {ergonomic}
   size_t MarkStackSize                            = 4194304                                   {product} {ergonomic}
   size_t MaxHeapSize                              = 2147483648                                {product} {command line}
   size_t MaxNewSize                               = 1287651328                                {product} {ergonomic}
   size_t MinHeapDeltaBytes                        = 1048576                                   {product} {ergonomic}
   size_t MinHeapSize                              = 8388608                                   {product} {ergonomic}
    uintx NonNMethodCodeHeapSize                   = 5839372                                {pd product} {ergonomic}
    uintx NonProfiledCodeHeapSize                  = 122909434                              {pd product} {ergonomic}
    uintx ProfiledCodeHeapSize                     = 122909434                              {pd product} {ergonomic}
    uintx ReservedCodeCacheSize                    = 251658240                              {pd product} {ergonomic}
     bool SegmentedCodeCache                       = true                                      {product} {ergonomic}
   size_t SoftMaxHeapSize                          = 2147483648                             {manageable} {ergonomic}
     bool UseCompressedClassPointers               = true                           {product lp64_product} {ergonomic}
     bool UseCompressedOops                        = true                           {product lp64_product} {ergonomic}
     bool UseG1GC                                  = true                                      {product} {ergonomic}
     bool UseLargePagesIndividualAllocation        = false                                  {pd product} {ergonomic}

Logging:
Log output configuration:
 #0: stdout all=warning uptime,level,tags
 #1: stderr all=off uptime,level,tags

Environment Variables:
JAVA_HOME=C:\Program Files\AdoptOpenJDK\jdk-11.0.11.9-hotspot\
PATH=C:\Program Files (x86)\VMware\VMware Workstation\bin\;C:\ispLEVER_Classic2_1\ispcpld\bin;C:\ispLEVER_Classic2_1\ispFPGA\bin\nt;C:\Program Files\Python38\Scripts\;C:\Program Files\Python38\;C:\Program Files\AdoptOpenJDK\jdk-11.0.11.9-hotspot\bin;C:\Program Files (x86)\Microchip\mplabc18\v3.44\mpasm;C:\Program Files (x86)\Microchip\mplabc18\v3.44\bin;C:\ProgramData\Oracle\Java\javapath;C:\Windows\system32;C:\Windows;C:\Windows\System32\Wbem;C:\Windows\System32\WindowsPowerShell\v1.0\;C:\Windows\System32\OpenSSH\;C:\Program Files\Intel\WiFi\bin\;C:\Program Files\Common Files\Intel\WirelessCommon\;C:\Users\Danny\.dnx\bin;C:\Program Files\Microsoft DNX\Dnvm\;C:\Program Files\Microsoft SQL Server\130\Tools\Binn\;C:\Program Files\Nordic Semiconductor\nrf5x\bin\;C:\Program Files (x86)\GNU Tools ARM Embedded\6 2017-q2-update\bin;C:\Program Files (x86)\GnuWin32\bin;C:\WINDOWS\system32;C:\WINDOWS;C:\WINDOWS\System32\Wbem;C:\WINDOWS\System32\WindowsPowerShell\v1.0\;C:\WINDOWS\System32\OpenSSH\;C:\Program Files (x86)\NVIDIA Corporation\PhysX\Common;C:\Program Files\NVIDIA Corporation\NVIDIA NvDLISR;C:\Program Files (x86)\Microchip\xc8\v1.34\bin;C:\Program Files\Microchip\xc8\v2.32\bin;C:\Program Files (x86)\HI-TECH Software\PICC\9.70\bin;C:\Program Files\Microchip\xc16\v1.70\bin;C:\Program Files\Microchip\xc32\v3.01\bin;C:\Program Files\Microsoft VS Code\bin;C:\Program Files\MariaDB 10.8\bin;C:\WINDOWS\system32;C:\WINDOWS;C:\WINDOWS\System32\Wbem;C:\WINDOWS\System32\WindowsPowerShell\v1.0\;C:\WINDOWS\System32\OpenSSH\;C:\Program Files\Git\cmd;C:\Program Files\dotnet\;C:\Program Files (x86)\Microchip\mplabc18\v3.44\mpasm;C:\Program Files (x86)\Microchip\mplabc18\v3.44\bin;C:\Program Files (x86)\Microchip\mplabc18\v3.47\mpasm;C:\Program Files (x86)\Microchip\mplabc18\v3.47\bin;C:\Program Files (x86)\GNU Arm Embedded Toolchain\10 2020-q4-major\bin;C:\Users\Danny\AppData\Local\Microsoft\WindowsApps;C:\Windows\System32;C:\Program Files\MariaDB 10.6\bin;
USERNAME=Danny
OS=Windows_NT
PROCESSOR_IDENTIFIER=Intel64 Family 6 Model 142 Stepping 12, GenuineIntel
TMP=C:\Users\Danny\AppData\Local\Temp
TEMP=C:\Users\Danny\AppData\Local\Temp



Periodic native trim disabled

JNI global refs:
JNI global refs: 27, weak refs: 0

JNI global refs memory usage: 843, weak refs: 209

OOME stack traces (most recent first):
Classloader memory used:
Loader org.gradle.internal.classloader.VisitableURLClassLoader                         : 3344K
Loader bootstrap                                                                       : 2415K
Loader org.gradle.initialization.MixInLegacyTypesClassLoader                           : 900K
Loader jdk.internal.loader.ClassLoaders$PlatformClassLoader                            : 68176B
Loader jdk.internal.loader.ClassLoaders$AppClassLoader                                 : 28453B
Loader jdk.internal.reflect.DelegatingClassLoader                                      : 15354B
Loader org.gradle.internal.classloader.VisitableURLClassLoader                         : 12817B
Loader org.gradle.internal.classloader.VisitableURLClassLoader$InstrumentingVisitableURLClassLoader: 4833B

Classes loaded by more than one classloader:
Class Program                                                                         : loaded 3 times (x 70B)
Class org.gradle.internal.classpath.ClassPath                                         : loaded 2 times (x 68B)
Class org.gradle.api.internal.classpath.DefaultModuleRegistry                         : loaded 2 times (x 84B)
Class Settings_gradle$1$1                                                             : loaded 2 times (x 72B)
Class org.gradle.api.Action                                                           : loaded 2 times (x 68B)
Class org.gradle.api.internal.DefaultClassPathProvider                                : loaded 2 times (x 74B)
Class org.gradle.internal.installation.GradleInstallation$1                           : loaded 2 times (x 73B)
Class org.gradle.internal.classloader.FilteringClassLoader                            : loaded 2 times (x 103B)
Class org.gradle.internal.classpath.DefaultClassPath$ImmutableUniqueList$Builder      : loaded 2 times (x 73B)
Class org.gradle.internal.classloader.ClassLoaderVisitor                              : loaded 2 times (x 74B)
Class org.gradle.internal.service.DefaultServiceLocator                               : loaded 2 times (x 81B)
Class org.gradle.internal.service.UnknownServiceException                             : loaded 2 times (x 81B)
Class org.gradle.internal.classloader.DefaultClassLoaderFactory                       : loaded 2 times (x 80B)
Class org.gradle.internal.classloader.VisitableURLClassLoader$Spec                    : loaded 2 times (x 72B)
Class org.gradle.api.GradleException                                                  : loaded 2 times (x 80B)
Class org.gradle.api.internal.classpath.ModuleRegistry                                : loaded 2 times (x 68B)
Class org.gradle.api.internal.ClassPathProvider                                       : loaded 2 times (x 68B)
Class org.gradle.internal.classloader.ClasspathUtil$1                                 : loaded 2 times (x 74B)
Class org.gradle.internal.classloader.ClassLoaderFactory                              : loaded 2 times (x 68B)
Class org.gradle.api.internal.classpath.ManifestUtil                                  : loaded 2 times (x 69B)
Class org.gradle.api.specs.Spec                                                       : loaded 2 times (x 68B)
Class org.gradle.internal.IoActions                                                   : loaded 2 times (x 69B)
Class org.gradle.api.internal.classpath.EffectiveClassPath                            : loaded 2 times (x 88B)
Class org.gradle.internal.installation.CurrentGradleInstallation                      : loaded 2 times (x 71B)
Class org.gradle.internal.agents.InstrumentingClassLoader                             : loaded 2 times (x 68B)
Class org.gradle.internal.installation.CurrentGradleInstallationLocator               : loaded 2 times (x 69B)
Class org.gradle.api.internal.classpath.Module                                        : loaded 2 times (x 68B)
Class org.gradle.internal.service.CachingServiceLocator                               : loaded 2 times (x 80B)
Class org.gradle.internal.classpath.DefaultClassPath                                  : loaded 2 times (x 88B)
Class org.gradle.internal.classloader.SystemClassLoaderSpec                           : loaded 2 times (x 69B)
Class org.gradle.api.UncheckedIOException                                             : loaded 2 times (x 80B)
Class org.gradle.internal.installation.GradleInstallation                             : loaded 2 times (x 73B)
Class org.gradle.internal.classloader.ClasspathUtil                                   : loaded 2 times (x 69B)
Class org.gradle.api.internal.DefaultClassPathRegistry                                : loaded 2 times (x 74B)
Class org.gradle.api.internal.classpath.DefaultModuleRegistry$DefaultModule           : loaded 2 times (x 84B)
Class org.gradle.api.internal.classpath.UnknownModuleException                        : loaded 2 times (x 80B)
Class org.gradle.internal.service.ServiceLookupException                              : loaded 2 times (x 80B)
Class org.gradle.cache.GlobalCache                                                    : loaded 2 times (x 68B)
Class [Lorg.gradle.api.internal.ClassPathProvider;                                    : loaded 2 times (x 67B)
Class org.gradle.util.internal.GUtil                                                  : loaded 2 times (x 69B)
Class org.gradle.internal.classloader.ClassLoaderSpec                                 : loaded 2 times (x 69B)
Class org.gradle.internal.classloader.VisitableURLClassLoader                         : loaded 2 times (x 115B)
Class org.gradle.internal.Cast                                                        : loaded 2 times (x 69B)
Class org.gradle.api.internal.ClassPathRegistry                                       : loaded 2 times (x 68B)
Class org.gradle.internal.classloader.VisitableURLClassLoader$InstrumentingVisitableURLClassLoader: loaded 2 times (x 121B)
Class org.gradle.internal.classloader.ClassLoaderHierarchy                            : loaded 2 times (x 68B)
Class org.gradle.internal.InternalTransformer                                         : loaded 2 times (x 68B)
Class org.gradle.internal.service.ServiceLocator                                      : loaded 2 times (x 68B)
Class Settings_gradle$1                                                               : loaded 2 times (x 72B)
Class org.gradle.internal.classpath.DefaultClassPath$ImmutableUniqueList              : loaded 2 times (x 159B)
Class org.gradle.internal.classpath.TransformedClassPath                              : loaded 2 times (x 94B)
Class Settings_gradle                                                                 : loaded 2 times (x 126B)


---------------  S Y S T E M  ---------------

OS:
 Windows 11 , 64 bit Build 22621 (10.0.22621.3374)
OS uptime: 0 days 10:35 hours
Hyper-V role detected

CPU: total 8 (initial active 8) (4 cores per cpu, 2 threads per core) family 6 model 142 stepping 12 microcode 0xde, cx8, cmov, fxsr, ht, mmx, 3dnowpref, sse, sse2, sse3, ssse3, sse4.1, sse4.2, popcnt, lzcnt, tsc, tscinvbit, avx, avx2, aes, erms, clmul, bmi1, bmi2, adx, fma, vzeroupper, clflush, clflushopt, hv
Processor Information for all 8 processors :
  Max Mhz: 1992, Current Mhz: 1792, Mhz Limit: 1792

Memory: 4k page, system-wide physical 16230M (167M free)
TotalPageFile size 20326M (AvailPageFile size 3M)
current process WorkingSet (physical memory assigned to process): 261M, peak: 264M
current process commit charge ("private bytes"): 295M, peak: 399M

vm_info: OpenJDK 64-Bit Server VM (17.0.9+0--11185874) for windows-amd64 JRE (17.0.9+0--11185874), built on Dec  6 2023 18:57:44 by "androidbuild" with MS VC++ 16.10 / 16.11 (VS2019)

END.
